<?xml version="1.0" encoding="UTF-8"?>
<!-- Generated by org.testng.reporters.JUnitReportReporter -->
<testsuite hostname="WINDOWS-UNR7VLH" failures="0" tests="2" name="marchclass.NewTest" time="0.101" errors="0" timestamp="2023-03-24T19:31:36 IST" skipped="0">
  <testcase classname="marchclass.NewTest" name="f" time="0.071"/>
  <system-out/>
  <testcase classname="marchclass.NewTest" name="f" time="0.030"/>
  <system-out/>
</testsuite> <!-- marchclass.NewTest -->
